Saladin Tuahihi is facing Marcin Najman today                    
Can The bun defeat El Testosteron?

Saladin Tuahihi <Double leg>:
He ducks under opponent... and he gets it!

Fight moves to the ground!

Marcin Najman <Brute force sweep>:
Dude, the opponent is not a bag of potatoes.

Saladin Tuahihi <Armbar>:
He is going for straight armbar and it can work!

Marcin Najman is doing totally nothing

Saladin Tuahihi <Guillotine>:
He applies tight front lock! The opponent is in serious troubles!

Marcin Najman  is exhausted!

Marcin Najman is doing totally nothing

Saladin Tuahihi <Crucifix>:
The opponent is caught in crucifix. The question is: he'll be submitted or maybe KO'ed?

Saladin Tuahihi  has a groundcontrol now!

Marcin Najman is doing totally nothing

Tuahihi has a secret technique on his disposal...

Saladin Tuahihi <Lay and pray>:
He is successfully blocking any opponent move.

Marcin Najman is doing totally nothing

Fight moves to the stand-up!

Saladin Tuahihi is doing totally nothing

Marcin Najman is taking a big breath

END OF THE FIGHT

Saladin Tuahihi['Decision', 'Unanimous']

