Marcin Najman is facing Saladin Tuahihi today                    
Can El Testosteron defeat The bun?

Najman has a secret technique on his disposal...

Marcin Najman <Windmill Style>:
He is like a hurricane... he discovers technique on the fly and rains that wide punches. Storm of chaos incoming!

Saladin Tuahihi  is exhausted!

Saladin Tuahihi <Guillotine>:
He applies tight front lock! The opponent is in serious troubles!

Marcin Najman  is rocked!

Marcin Najman <Devastating overhand>:
That one was damn close. Few more centimeters and we would see a KO.

Fight moves to the ground!

Saladin Tuahihi <Sit out spin>:
He controls the opponents arm, spins out from under him, but he is pushed back.

Fight moves to the stand-up!

Fight moves to the ground!

Marcin Najman is doing totally nothing

Saladin Tuahihi <Armbar>:
He is going for straight armbar and it can work!

Najman has a secret technique on his disposal...

Marcin Najman is doing totally nothing

Fight moves to the stand-up!

Saladin Tuahihi <Trip kick>:
Kick to the leg, opponents trips and fights goes to the ground

Fight moves to the ground!

Fight moves to the stand-up!

Marcin Najman <Jab>:
What a jab!

Saladin Tuahihi is doing totally nothing

Najman has a secret technique on his disposal...

Marcin Najman <Devastating overhand>:
That one was damn close. Few more centimeters and we would see a KO.

Saladin Tuahihi is doing totally nothing

Fight moves to the ground!

Marcin Najman is doing totally nothing

END OF THE FIGHT

No victor['Draw', 'Majority']

