Marcin Najman is facing Saladin Tuahihi today                    
Can El Testosteron defeat The bun?

Marcin Najman <Jab jab cross>:
Jab on the target, miss and the last one partially pas the guard.

Saladin Tuahihi <1-2-kick combo>:
Boom! And one more!

Marcin Najman  is rocked!

Fight moves to the ground!

Fight moves to the stand-up!

Marcin Najman <Jab>:
What a jab!

Saladin Tuahihi  is exhausted!

Saladin Tuahihi <Pull guard>:
He is pulling a guard... risky move!

Fight moves to the ground!

Marcin Najman  has a groundcontrol now!

Marcin Najman <Brute force sweep>:
Dude, the opponent is not a bag of potatoes.

Fight moves to the stand-up!

Saladin Tuahihi <Lowkick>:
On the target.

Marcin Najman <Swing for the fences>:
What an exchange, he is winning it!

Saladin Tuahihi is doing totally nothing

Marcin Najman is doing totally nothing

Fight moves to the ground!

Saladin Tuahihi <Heel hook>:
And here is the tapout! He takes opponent leg home with him tonight! What a nasty heel hook.

END OF THE FIGHT

Saladin Tuahihi['Submission', 'Heel hook']

