Marcin Najman is facing Saladin Tuahihi today                    
Can El Testosteron defeat The bun?

Marcin Najman <Bearhug takedown>:
What a beautiful oldschool takedown!

Fight moves to the ground!

Saladin Tuahihi <Ground and pound>:
Ribs, ribs and chin, he is pushing his advantage.

Marcin Najman <Girly blows>:
Slap, miss and a solid scratch with a fingernail for good measure.

Saladin Tuahihi is doing totally nothing

Marcin Najman is doing totally nothing

Saladin Tuahihi is doing totally nothing

Marcin Najman is doing totally nothing

Saladin Tuahihi is doing totally nothing

Marcin Najman is doing totally nothing

Fight moves to the stand-up!

Saladin Tuahihi <Lucky Punch>:
No luck you gambler.

Marcin Najman <Slap>:
My granny can do it better. She can give him a lesson or two!

Saladin Tuahihi <Pull guard>:
He is pulling a guard... risky move!

Fight moves to the ground!

Marcin Najman  has a groundcontrol now!

Marcin Najman is doing totally nothing

END OF THE FIGHT

Marcin Najman['Decision', 'Unanimous']

