Saladin Tuahihi is facing Marcin Najman today                    
Can The bun defeat El Testosteron?

Saladin Tuahihi <Guillotine>:
Will he submit the opponent with a guillotine? I don't think so, but who knows...

Marcin Najman <Slap>:
He is fighting invisible flies... What a predator!

Saladin Tuahihi <Double leg>:
He ducks under opponent... timed sprawl and he's pushed back.

Marcin Najman <Knees in clinch>:
Opponent's head is too low. He eats a knee... and another one!

Saladin Tuahihi  is rocked!

Saladin Tuahihi <Elbows>:
He cuts opponent with an elbow!

Marcin Najman  is rocked!

Marcin Najman <Jab>:
What a jab!

Saladin Tuahihi <Lucky Punch>:
No luck you gambler.

Marcin Najman <Windmill Style>:
He is like a hurricane... he discovers technique on the fly and rains that wide punches. Storm of chaos incoming!

Saladin Tuahihi  is exhausted!

Saladin Tuahihi is doing totally nothing

Fight moves to the ground!

Najman has a secret technique on his disposal...

Marcin Najman <Brute force sweep>:
Dude, the opponent is not a bag of potatoes.

Saladin Tuahihi is taking a big breath

Marcin Najman <Girly blows>:
Slap, miss and a solid scratch with a fingernail for good measure.

Fight moves to the stand-up!

Saladin Tuahihi is doing totally nothing

END OF THE FIGHT

Marcin Najman['Decision', 'Split']

