Marcin Najman is facing Saladin Tuahihi today                    
Can El Testosteron defeat The bun?

Marcin Najman <Knees in clinch>:
Opponent's head is too low. He eats a knee... and another one!

Saladin Tuahihi  is rocked!

Saladin Tuahihi <Kata guruma>:
He's turning back from the oponent! He got countered!

Saladin Tuahihi  is exhausted!

Marcin Najman <Devastating overhand>:
That one was damn close. Few more centimeters and we would see a KO.

Fight moves to the ground!

Saladin Tuahihi <Sit out spin>:
He controls the opponents arm, spins out from under him, but he is pushed back.

Fight moves to the stand-up!

Marcin Najman <Lowkick>:
That lowkick could have broken a bone!

Saladin Tuahihi <Cardio king>:
Some avoidance tactics, and he's looking refreshed now.

Najman has a secret technique on his disposal...

Marcin Najman <Jab>:
Jab, jab, miss, miss.

Saladin Tuahihi <Jab jab cross>:
Clean straight cross lands on the chin.

Marcin Najman  is rocked!

Marcin Najman <Jab>:
What a jab!

Saladin Tuahihi is doing totally nothing

Marcin Najman is doing totally nothing

Saladin Tuahihi is doing totally nothing

Najman has a secret technique on his disposal...

Marcin Najman is doing totally nothing

END OF THE FIGHT

Marcin Najman['Decision', 'Unanimous']

