Marcin Najman is facing Saladin Tuahihi today                    
Can El Testosteron defeat The bun?

Marcin Najman <1-2-kick combo>:
Nothing landed.

Saladin Tuahihi <Suplex>:
He tried a high throw but he was countered.

Fight moves to the ground!

Marcin Najman  has a groundcontrol now!

Marcin Najman <Lay and pray>:
He is successfully blocking any opponent move.

Fight moves to the stand-up!

Saladin Tuahihi <Kata guruma>:
What a beautiful judo throw! He is leading on the scorecard in my opinion

Fight moves to the ground!

Marcin Najman is doing totally nothing

Saladin Tuahihi <Hammerfists>:
These hammerfists can leave a bruise.

Marcin Najman is doing totally nothing

Saladin Tuahihi <Crucifix>:
The opponent is caught in crucifix. The question is: he'll be submitted or maybe KO'ed?

Saladin Tuahihi  has a groundcontrol now!

Marcin Najman is doing totally nothing

Saladin Tuahihi is doing totally nothing

Marcin Najman is doing totally nothing

Tuahihi has a secret technique on his disposal...

Saladin Tuahihi is doing totally nothing

END OF THE FIGHT

Saladin Tuahihi['Decision', 'Unanimous']

