Saladin Tuahihi is facing Marcin Najman today                    
Can The bun defeat El Testosteron?

Saladin Tuahihi <Flying armbar>:
Kangaroo tried some fancy technique and finished pinned to the ground.

Fight moves to the ground!

Marcin Najman  has a groundcontrol now!

Marcin Najman <Mount position>:
Every second in the mount can hasten the inevitable!

Saladin Tuahihi  is rocked!

Saladin Tuahihi <Crucifix>:
The opponent is caught in crucifix. The question is: he'll be submitted or maybe KO'ed?

Saladin Tuahihi  has a groundcontrol now!

Marcin Najman is doing totally nothing

Saladin Tuahihi <Guillotine>:
He failed to control the opponents head. It took a lot of gas from him.

Saladin Tuahihi  is exhausted!

Fight moves to the stand-up!

Marcin Najman <Jab>:
He scored some points.

Saladin Tuahihi is doing totally nothing

Fight moves to the ground!

Marcin Najman is doing totally nothing

Saladin Tuahihi <Guillotine>:
Will he submit the opponent with a guillotine? I don't think so, but who knows...

Marcin Najman is doing totally nothing

Fight moves to the stand-up!

Saladin Tuahihi is doing totally nothing

Marcin Najman <Jab>:
He scored some points.

Tuahihi has a secret technique on his disposal...

Saladin Tuahihi <Power jab>:
What a jab! Opponent felt that one!

Marcin Najman  is exhausted!

END OF THE FIGHT

Marcin Najman['Decision', 'Unanimous']

