Marcin Najman is facing Saladin Tuahihi today                    
Can El Testosteron defeat The bun?

Marcin Najman <Slap>:
That was thai-chi move. He zapped all willpower out him.

Saladin Tuahihi <Pull guard>:
He's trying to pull the guard... but opponent refuses to get involved!

Marcin Najman <Swing for the fences>:
What a decision! He started a brawl and wow, he can finish it now!

Saladin Tuahihi  is rocked!

Fight moves to the ground!

Saladin Tuahihi <Roar naked choke>:
Failed to control opponent.

Marcin Najman <Brute force sweep>:
Dude, the opponent is not a bag of potatoes.

Saladin Tuahihi is doing totally nothing

Marcin Najman <Brute force sweep>:
He sweeps the opponent. No technique here, but it works!

Marcin Najman  has a groundcontrol now!

Saladin Tuahihi <Bjj shrimp>:
What a great escape!

Marcin Najman  lose groundcontrol

Najman has a secret technique on his disposal...

Marcin Najman <Lay and pray>:
Refree have to stop that sweat fest.

Fight moves to the stand-up!

Saladin Tuahihi <Jab jab cross>:
Jab on the target, miss and the last one partially pas the guard.

Najman has a secret technique on his disposal...

Marcin Najman <Elbows>:
He is trying to close the distance, but can't.

Saladin Tuahihi is doing totally nothing

Marcin Najman <Elbows>:
He won't achieve much with that questionable elbows.

END OF THE FIGHT

Marcin Najman['Decision', 'Majority']

